Building DAG of jobs...
The code used to generate one or several output files has changed:
    To inspect which output files have changes, run 'snakemake --list-code-changes'.
    To trigger a re-run, use 'snakemake -R $(snakemake --list-code-changes)'.
The input used to generate one or several output files has changed:
    To inspect which output files have changes, run 'snakemake --list-input-changes'.
    To trigger a re-run, use 'snakemake -R $(snakemake --list-input-changes)'.
Using shell: /usr/bin/bash
Provided cluster nodes: 1
Job stats:
job       count    min threads    max threads
------  -------  -------------  -------------
all           1              1              1
flash2        8              8              8
total         9              1              8

Select jobs to execute...

[Fri Jun 17 13:32:24 2022]
rule flash2:
    input: data/sra_fastq/ERR6913253_1.fastq.gz, data/sra_fastq/ERR6913253_2.fastq.gz
    output: output/flash2/ERR6913253.flash.extendedFrags.fastq.gz
    jobid: 23
    wildcards: accnum=ERR6913253
    threads: 8
    resources: mem_mb=1000, disk_mb=1000, tmpdir=/tmp

RuleException in line 22 of /shared/ifbstor1/projects/form_2022_19/hong/sars2copath/snakemake/Snakefile:
NameError: The name 'accnum' is unknown in this context. Did you mean 'wildcards.accnum'?
