Building DAG of jobs...
The code used to generate one or several output files has changed:
    To inspect which output files have changes, run 'snakemake --list-code-changes'.
    To trigger a re-run, use 'snakemake -R $(snakemake --list-code-changes)'.
The input used to generate one or several output files has changed:
    To inspect which output files have changes, run 'snakemake --list-input-changes'.
    To trigger a re-run, use 'snakemake -R $(snakemake --list-input-changes)'.
Using shell: /usr/bin/bash
Provided cluster nodes: 1
Job stats:
job       count    min threads    max threads
------  -------  -------------  -------------
all           1              1              1
flash2        8              8              8
total         9              1              8

Select jobs to execute...

[Fri Jun 17 13:33:42 2022]
rule flash2:
    input: data/sra_fastq/ERR6913253_1.fastq.gz, data/sra_fastq/ERR6913253_2.fastq.gz
    output: output/flash2/ERR6913253.flash.extendedFrags.fastq.gz
    jobid: 23
    wildcards: accnum=ERR6913253
    threads: 8
    resources: mem_mb=1000, disk_mb=1000, tmpdir=/tmp

Submitted job 23 with external jobid 'Submitted batch job 23371668'.
[Fri Jun 17 13:33:52 2022]
Finished job 23.
1 of 9 steps (11%) done
Select jobs to execute...

[Fri Jun 17 13:33:52 2022]
rule flash2:
    input: data/sra_fastq/ERR6913250_1.fastq.gz, data/sra_fastq/ERR6913250_2.fastq.gz
    output: output/flash2/ERR6913250.flash.extendedFrags.fastq.gz
    jobid: 21
    wildcards: accnum=ERR6913250
    threads: 8
    resources: mem_mb=1000, disk_mb=1000, tmpdir=/tmp

Submitted job 21 with external jobid 'Submitted batch job 23371669'.
[Fri Jun 17 13:34:02 2022]
Finished job 21.
2 of 9 steps (22%) done
Select jobs to execute...

[Fri Jun 17 13:34:02 2022]
rule flash2:
    input: data/sra_fastq/ERR6913157_1.fastq.gz, data/sra_fastq/ERR6913157_2.fastq.gz
    output: output/flash2/ERR6913157.flash.extendedFrags.fastq.gz
    jobid: 19
    wildcards: accnum=ERR6913157
    threads: 8
    resources: mem_mb=1000, disk_mb=1000, tmpdir=/tmp

Submitted job 19 with external jobid 'Submitted batch job 23371670'.
[Fri Jun 17 13:34:12 2022]
Finished job 19.
3 of 9 steps (33%) done
Select jobs to execute...

[Fri Jun 17 13:34:12 2022]
rule flash2:
    input: data/sra_fastq/ERR6913147_1.fastq.gz, data/sra_fastq/ERR6913147_2.fastq.gz
    output: output/flash2/ERR6913147.flash.extendedFrags.fastq.gz
    jobid: 17
    wildcards: accnum=ERR6913147
    threads: 8
    resources: mem_mb=1000, disk_mb=1000, tmpdir=/tmp

Submitted job 17 with external jobid 'Submitted batch job 23371671'.
[Fri Jun 17 13:36:32 2022]
Finished job 17.
4 of 9 steps (44%) done
Select jobs to execute...

[Fri Jun 17 13:36:32 2022]
rule flash2:
    input: data/sra_fastq/ERR6913154_1.fastq.gz, data/sra_fastq/ERR6913154_2.fastq.gz
    output: output/flash2/ERR6913154.flash.extendedFrags.fastq.gz
    jobid: 18
    wildcards: accnum=ERR6913154
    threads: 8
    resources: mem_mb=1000, disk_mb=1000, tmpdir=/tmp

Submitted job 18 with external jobid 'Submitted batch job 23371684'.
[Fri Jun 17 13:36:42 2022]
Finished job 18.
5 of 9 steps (56%) done
Select jobs to execute...

[Fri Jun 17 13:36:42 2022]
rule flash2:
    input: data/sra_fastq/ERR6913257_1.fastq.gz, data/sra_fastq/ERR6913257_2.fastq.gz
    output: output/flash2/ERR6913257.flash.extendedFrags.fastq.gz
    jobid: 24
    wildcards: accnum=ERR6913257
    threads: 8
    resources: mem_mb=1000, disk_mb=1000, tmpdir=/tmp

Submitted job 24 with external jobid 'Submitted batch job 23371685'.
[Fri Jun 17 13:36:52 2022]
Finished job 24.
6 of 9 steps (67%) done
Select jobs to execute...

[Fri Jun 17 13:36:52 2022]
rule flash2:
    input: data/sra_fastq/ERR6913161_1.fastq.gz, data/sra_fastq/ERR6913161_2.fastq.gz
    output: output/flash2/ERR6913161.flash.extendedFrags.fastq.gz
    jobid: 20
    wildcards: accnum=ERR6913161
    threads: 8
    resources: mem_mb=1000, disk_mb=1000, tmpdir=/tmp

Submitted job 20 with external jobid 'Submitted batch job 23371688'.
[Fri Jun 17 13:37:02 2022]
Finished job 20.
7 of 9 steps (78%) done
Select jobs to execute...

[Fri Jun 17 13:37:02 2022]
rule flash2:
    input: data/sra_fastq/ERR6913243_1.fastq.gz, data/sra_fastq/ERR6913243_2.fastq.gz
    output: output/flash2/ERR6913243.flash.extendedFrags.fastq.gz
    jobid: 22
    wildcards: accnum=ERR6913243
    threads: 8
    resources: mem_mb=1000, disk_mb=1000, tmpdir=/tmp

Submitted job 22 with external jobid 'Submitted batch job 23371698'.
[Fri Jun 17 13:38:22 2022]
Finished job 22.
8 of 9 steps (89%) done
Select jobs to execute...

[Fri Jun 17 13:38:22 2022]
localrule all:
    input: output/fastqc/ERR6913147_1_fastqc.html, output/fastqc/ERR6913147_2_fastqc.html, output/fastqc/ERR6913154_1_fastqc.html, output/fastqc/ERR6913154_2_fastqc.html, output/fastqc/ERR6913157_1_fastqc.html, output/fastqc/ERR6913157_2_fastqc.html, output/fastqc/ERR6913161_1_fastqc.html, output/fastqc/ERR6913161_2_fastqc.html, output/fastqc/ERR6913250_1_fastqc.html, output/fastqc/ERR6913250_2_fastqc.html, output/fastqc/ERR6913243_1_fastqc.html, output/fastqc/ERR6913243_2_fastqc.html, output/fastqc/ERR6913253_1_fastqc.html, output/fastqc/ERR6913253_2_fastqc.html, output/fastqc/ERR6913257_1_fastqc.html, output/fastqc/ERR6913257_2_fastqc.html, output/flash2/ERR6913147.flash.extendedFrags.fastq.gz, output/flash2/ERR6913154.flash.extendedFrags.fastq.gz, output/flash2/ERR6913157.flash.extendedFrags.fastq.gz, output/flash2/ERR6913161.flash.extendedFrags.fastq.gz, output/flash2/ERR6913250.flash.extendedFrags.fastq.gz, output/flash2/ERR6913243.flash.extendedFrags.fastq.gz, output/flash2/ERR6913253.flash.extendedFrags.fastq.gz, output/flash2/ERR6913257.flash.extendedFrags.fastq.gz
    jobid: 0
    resources: mem_mb=1000, disk_mb=1000, tmpdir=/tmp

[Fri Jun 17 13:38:22 2022]
Finished job 0.
9 of 9 steps (100%) done
The code used to generate one or several output files has changed:
    To inspect which output files have changes, run 'snakemake --list-code-changes'.
    To trigger a re-run, use 'snakemake -R $(snakemake --list-code-changes)'.
The input used to generate one or several output files has changed:
    To inspect which output files have changes, run 'snakemake --list-input-changes'.
    To trigger a re-run, use 'snakemake -R $(snakemake --list-input-changes)'.
Complete log: .snakemake/log/2022-06-17T133341.433293.snakemake.log
