Building DAG of jobs...
The code used to generate one or several output files has changed:
    To inspect which output files have changes, run 'snakemake --list-code-changes'.
    To trigger a re-run, use 'snakemake -R $(snakemake --list-code-changes)'.
The input used to generate one or several output files has changed:
    To inspect which output files have changes, run 'snakemake --list-input-changes'.
    To trigger a re-run, use 'snakemake -R $(snakemake --list-input-changes)'.
Using shell: /usr/bin/bash
Provided cluster nodes: 1
Job stats:
job              count    min threads    max threads
-------------  -------  -------------  -------------
all                  1              1              1
bracken2krona        8              1              1
total                9              1              1

Select jobs to execute...

[Fri Jun 17 15:55:09 2022]
rule bracken2krona:
    input: output/bracken/braken_ERR6913161_reports.tab
    output: output/krona/ERR6913161_krona.txt, output/krona/ERR6913161
    jobid: 26
    wildcards: accnum=ERR6913161
    resources: mem_mb=1000, disk_mb=1000, tmpdir=/tmp

Submitted job 26 with external jobid 'Submitted batch job 23374144'.
[Fri Jun 17 15:55:27 2022]
Error in rule bracken2krona:
    jobid: 26
    output: output/krona/ERR6913161_krona.txt, output/krona/ERR6913161
    shell:
        mkdir -p output/krona;python /shared/projects/form_2022_19/kraken2/KrakenTools/kreport2krona.py -r output/bracken/braken_ERR6913161_reports.tab -o output/krona/ERR6913161_krona.txt --no-intermediate-ranks;
        (one of the commands exited with non-zero exit code; note that snakemake uses bash strict mode!)
    cluster_jobid: Submitted batch job 23374144

Error executing rule bracken2krona on cluster (jobid: 26, external: Submitted batch job 23374144, jobscript: /shared/ifbstor1/projects/form_2022_19/hong/sars2copath/snakemake/.snakemake/tmp.uep3f7r2/snakejob.bracken2krona.26.sh). For error details see the cluster log and the log files of the involved rule(s).
Shutting down, this might take some time.
Exiting because a job execution failed. Look above for error message
The code used to generate one or several output files has changed:
    To inspect which output files have changes, run 'snakemake --list-code-changes'.
    To trigger a re-run, use 'snakemake -R $(snakemake --list-code-changes)'.
The input used to generate one or several output files has changed:
    To inspect which output files have changes, run 'snakemake --list-input-changes'.
    To trigger a re-run, use 'snakemake -R $(snakemake --list-input-changes)'.
Complete log: .snakemake/log/2022-06-17T155504.726493.snakemake.log
