Building DAG of jobs...
The code used to generate one or several output files has changed:
    To inspect which output files have changes, run 'snakemake --list-code-changes'.
    To trigger a re-run, use 'snakemake -R $(snakemake --list-code-changes)'.
The input used to generate one or several output files has changed:
    To inspect which output files have changes, run 'snakemake --list-input-changes'.
    To trigger a re-run, use 'snakemake -R $(snakemake --list-input-changes)'.
Using shell: /usr/bin/bash
Provided cluster nodes: 8
Job stats:
job              count    min threads    max threads
-------------  -------  -------------  -------------
all                  1              1              1
bracken2krona        8              1              1
total                9              1              1

Select jobs to execute...

[Mon Jun 20 13:30:05 2022]
rule bracken2krona:
    input: output/bracken/braken_ERR6913250_reports.tab
    output: output/krona/ERR6913250_krona.txt, output/krona/ERR6913250
    jobid: 29
    wildcards: accnum=ERR6913250
    resources: mem_mb=1000, disk_mb=1000, tmpdir=/tmp

Submitted job 29 with external jobid 'Submitted batch job 23383866'.

[Mon Jun 20 13:30:05 2022]
rule bracken2krona:
    input: output/bracken/braken_ERR6913253_reports.tab
    output: output/krona/ERR6913253_krona.txt, output/krona/ERR6913253
    jobid: 35
    wildcards: accnum=ERR6913253
    resources: mem_mb=1000, disk_mb=1000, tmpdir=/tmp

Submitted job 35 with external jobid 'Submitted batch job 23383867'.

[Mon Jun 20 13:30:05 2022]
rule bracken2krona:
    input: output/bracken/braken_ERR6913154_reports.tab
    output: output/krona/ERR6913154_krona.txt, output/krona/ERR6913154
    jobid: 20
    wildcards: accnum=ERR6913154
    resources: mem_mb=1000, disk_mb=1000, tmpdir=/tmp

Submitted job 20 with external jobid 'Submitted batch job 23383868'.

[Mon Jun 20 13:30:05 2022]
rule bracken2krona:
    input: output/bracken/braken_ERR6913161_reports.tab
    output: output/krona/ERR6913161_krona.txt, output/krona/ERR6913161
    jobid: 26
    wildcards: accnum=ERR6913161
    resources: mem_mb=1000, disk_mb=1000, tmpdir=/tmp

Submitted job 26 with external jobid 'Submitted batch job 23383869'.

[Mon Jun 20 13:30:05 2022]
rule bracken2krona:
    input: output/bracken/braken_ERR6913243_reports.tab
    output: output/krona/ERR6913243_krona.txt, output/krona/ERR6913243
    jobid: 32
    wildcards: accnum=ERR6913243
    resources: mem_mb=1000, disk_mb=1000, tmpdir=/tmp

Submitted job 32 with external jobid 'Submitted batch job 23383870'.

[Mon Jun 20 13:30:05 2022]
rule bracken2krona:
    input: output/bracken/braken_ERR6913147_reports.tab
    output: output/krona/ERR6913147_krona.txt, output/krona/ERR6913147
    jobid: 17
    wildcards: accnum=ERR6913147
    resources: mem_mb=1000, disk_mb=1000, tmpdir=/tmp

Submitted job 17 with external jobid 'Submitted batch job 23383871'.

[Mon Jun 20 13:30:05 2022]
rule bracken2krona:
    input: output/bracken/braken_ERR6913257_reports.tab
    output: output/krona/ERR6913257_krona.txt, output/krona/ERR6913257
    jobid: 38
    wildcards: accnum=ERR6913257
    resources: mem_mb=1000, disk_mb=1000, tmpdir=/tmp

Submitted job 38 with external jobid 'Submitted batch job 23383872'.

[Mon Jun 20 13:30:05 2022]
rule bracken2krona:
    input: output/bracken/braken_ERR6913157_reports.tab
    output: output/krona/ERR6913157_krona.txt, output/krona/ERR6913157
    jobid: 23
    wildcards: accnum=ERR6913157
    resources: mem_mb=1000, disk_mb=1000, tmpdir=/tmp

Submitted job 23 with external jobid 'Submitted batch job 23383873'.
[Mon Jun 20 13:30:14 2022]
Finished job 20.
1 of 9 steps (11%) done
[Mon Jun 20 13:30:14 2022]
Finished job 26.
2 of 9 steps (22%) done
[Mon Jun 20 13:30:14 2022]
Finished job 17.
3 of 9 steps (33%) done
[Mon Jun 20 13:30:14 2022]
Finished job 38.
4 of 9 steps (44%) done
[Mon Jun 20 13:30:24 2022]
Finished job 29.
5 of 9 steps (56%) done
[Mon Jun 20 13:30:24 2022]
Finished job 35.
6 of 9 steps (67%) done
[Mon Jun 20 13:30:24 2022]
Finished job 32.
7 of 9 steps (78%) done
[Mon Jun 20 13:30:24 2022]
Finished job 23.
8 of 9 steps (89%) done
Select jobs to execute...

[Mon Jun 20 13:30:24 2022]
localrule all:
    input: output/fastqc/ERR6913147_1_fastqc.html, output/fastqc/ERR6913147_2_fastqc.html, output/fastqc/ERR6913154_1_fastqc.html, output/fastqc/ERR6913154_2_fastqc.html, output/fastqc/ERR6913157_1_fastqc.html, output/fastqc/ERR6913157_2_fastqc.html, output/fastqc/ERR6913161_1_fastqc.html, output/fastqc/ERR6913161_2_fastqc.html, output/fastqc/ERR6913250_1_fastqc.html, output/fastqc/ERR6913250_2_fastqc.html, output/fastqc/ERR6913243_1_fastqc.html, output/fastqc/ERR6913243_2_fastqc.html, output/fastqc/ERR6913253_1_fastqc.html, output/fastqc/ERR6913253_2_fastqc.html, output/fastqc/ERR6913257_1_fastqc.html, output/fastqc/ERR6913257_2_fastqc.html, output/krona/ERR6913147_krona.txt, output/krona/ERR6913154_krona.txt, output/krona/ERR6913157_krona.txt, output/krona/ERR6913161_krona.txt, output/krona/ERR6913250_krona.txt, output/krona/ERR6913243_krona.txt, output/krona/ERR6913253_krona.txt, output/krona/ERR6913257_krona.txt
    jobid: 0
    resources: mem_mb=1000, disk_mb=1000, tmpdir=/tmp

[Mon Jun 20 13:30:24 2022]
Finished job 0.
9 of 9 steps (100%) done
Removing temporary output output/krona/ERR6913147_krona.txt.
Removing temporary output output/krona/ERR6913154_krona.txt.
Removing temporary output output/krona/ERR6913157_krona.txt.
Removing temporary output output/krona/ERR6913161_krona.txt.
Removing temporary output output/krona/ERR6913250_krona.txt.
Removing temporary output output/krona/ERR6913243_krona.txt.
Removing temporary output output/krona/ERR6913253_krona.txt.
Removing temporary output output/krona/ERR6913257_krona.txt.
The code used to generate one or several output files has changed:
    To inspect which output files have changes, run 'snakemake --list-code-changes'.
    To trigger a re-run, use 'snakemake -R $(snakemake --list-code-changes)'.
The input used to generate one or several output files has changed:
    To inspect which output files have changes, run 'snakemake --list-input-changes'.
    To trigger a re-run, use 'snakemake -R $(snakemake --list-input-changes)'.
Complete log: .snakemake/log/2022-06-20T133001.177477.snakemake.log
