Building DAG of jobs...
The code used to generate one or several output files has changed:
    To inspect which output files have changes, run 'snakemake --list-code-changes'.
    To trigger a re-run, use 'snakemake -R $(snakemake --list-code-changes)'.
The input used to generate one or several output files has changed:
    To inspect which output files have changes, run 'snakemake --list-input-changes'.
    To trigger a re-run, use 'snakemake -R $(snakemake --list-input-changes)'.
Using shell: /usr/bin/bash
Provided cluster nodes: 1
Job stats:
job       count    min threads    max threads
------  -------  -------------  -------------
all           1              1              1
kraken        8              4              4
total         9              1              4

Select jobs to execute...

[Fri Jun 17 14:31:10 2022]
rule kraken:
    input: /shared/projects/form_2022_19/kraken2/arch_bact_vir_hum_protoz_fung, data/sra_fastq/ERR6913157_1.fastq.gz, data/sra_fastq/ERR6913157_2.fastq.gz
    output: output/kraken/kraken_ERR6913157_results.tab, output/kraken/kraken_ERR6913157_reports.tab
    jobid: 27
    wildcards: accnum=ERR6913157
    threads: 4
    resources: mem_mb=1000, disk_mb=1000, tmpdir=/tmp

Submitted job 27 with external jobid 'Submitted batch job 23372602'.
[Fri Jun 17 14:31:18 2022]
Error in rule kraken:
    jobid: 27
    output: output/kraken/kraken_ERR6913157_results.tab, output/kraken/kraken_ERR6913157_reports.tab
    shell:
        mkdir -p output/kraken;kraken2 --threads 4 --gzip-compressed --paired --db /shared/projects/form_2022_19/kraken2/arch_bact_vir_hum_protoz_fung data/sra_fastq/ERR6913157_1.fastq.gz data/sra_fastq/ERR6913157_2.fastq.gz --output output/kraken/kraken_ERR6913157_results.tab --report output/kraken/kraken_ERR6913157_reports.tab
        (one of the commands exited with non-zero exit code; note that snakemake uses bash strict mode!)
    cluster_jobid: Submitted batch job 23372602

Error executing rule kraken on cluster (jobid: 27, external: Submitted batch job 23372602, jobscript: /shared/ifbstor1/projects/form_2022_19/hong/sars2copath/snakemake/.snakemake/tmp.rbt7rg03/snakejob.kraken.27.sh). For error details see the cluster log and the log files of the involved rule(s).
Shutting down, this might take some time.
Exiting because a job execution failed. Look above for error message
The code used to generate one or several output files has changed:
    To inspect which output files have changes, run 'snakemake --list-code-changes'.
    To trigger a re-run, use 'snakemake -R $(snakemake --list-code-changes)'.
The input used to generate one or several output files has changed:
    To inspect which output files have changes, run 'snakemake --list-input-changes'.
    To trigger a re-run, use 'snakemake -R $(snakemake --list-input-changes)'.
Complete log: .snakemake/log/2022-06-17T143108.251318.snakemake.log
